#
# There is insufficient memory for the Java Runtime Environment to continue.
# Native memory allocation (malloc) failed to allocate 32744 bytes for ChunkPool::allocate
# Possible reasons:
#   The system is out of physical RAM or swap space
#   In 32 bit mode, the process size limit was hit
# Possible solutions:
#   Reduce memory load on the system
#   Increase physical memory or swap space
#   Check if swap backing store is full
#   Use 64 bit Java on a 64 bit OS
#   Decrease Java heap size (-Xmx/-Xms)
#   Decrease number of Java threads
#   Decrease Java thread stack sizes (-Xss)
#   Set larger code cache with -XX:ReservedCodeCacheSize=
# This output file may be truncated or incomplete.
#
#  Out of Memory Error (allocation.cpp:273), pid=3532, tid=5076
#
# JRE version: Java(TM) SE Runtime Environment (8.0_40-b25) (build 1.8.0_40-b25)
# Java VM: Java HotSpot(TM) 64-Bit Server VM (25.40-b25 mixed mode windows-amd64 compressed oops)
# Failed to write core dump. Minidumps are not enabled by default on client versions of Windows
#

---------------  T H R E A D  ---------------

Current thread (0x0000000015d90800):  JavaThread "C1 CompilerThread2" daemon [_thread_in_native, id=5076, stack(0x0000000016180000,0x0000000016280000)]

Stack: [0x0000000016180000,0x0000000016280000]
Native frames: (J=compiled Java code, j=interpreted, Vv=VM code, C=native code)
V  [jvm.dll+0x32b47a]
V  [jvm.dll+0x2797f3]
V  [jvm.dll+0x27a489]
V  [jvm.dll+0x2717a5]
V  [jvm.dll+0xcb7c4]
V  [jvm.dll+0xcb9e7]
V  [jvm.dll+0xcbe6c]
V  [jvm.dll+0x270917]
V  [jvm.dll+0x270ae5]
V  [jvm.dll+0x444b2e]
V  [jvm.dll+0x44565a]
V  [jvm.dll+0x405fa9]
V  [jvm.dll+0x406131]
V  [jvm.dll+0x4062f2]
V  [jvm.dll+0x4064c1]
V  [jvm.dll+0x4066cf]
V  [jvm.dll+0xa4312]
V  [jvm.dll+0xa4c4f]
V  [jvm.dll+0x241914]
V  [jvm.dll+0x29848a]
C  [msvcr100.dll+0x21d9f]
C  [msvcr100.dll+0x21e3b]
C  [KERNEL32.DLL+0x4d42]
C  [ntdll.dll+0x693a4]


Current CompileTask:
C1: 432270 2678       3       java.text.SimpleDateFormat::subFormat (1260 bytes)


---------------  P R O C E S S  ---------------

Java Threads: ( => current thread )
  0x000000001673b000 JavaThread "TimerQueue" daemon [_thread_blocked, id=10668, stack(0x0000000018b10000,0x0000000018c10000)]
  0x0000000016732000 JavaThread "Swing-Shell" daemon [_thread_blocked, id=6480, stack(0x00000000181b0000,0x00000000182b0000)]
  0x0000000002880800 JavaThread "DestroyJavaVM" [_thread_blocked, id=8396, stack(0x0000000002780000,0x0000000002880000)]
  0x0000000016069000 JavaThread "AWT-EventQueue-0" [_thread_blocked, id=12152, stack(0x00000000172d0000,0x00000000173d0000)]
  0x0000000016065000 JavaThread "AWT-Windows" daemon [_thread_in_native, id=12284, stack(0x0000000016f60000,0x0000000017060000)]
  0x000000001658a800 JavaThread "AWT-Shutdown" [_thread_blocked, id=4384, stack(0x0000000016e60000,0x0000000016f60000)]
  0x000000001658a000 JavaThread "Java2D Disposer" daemon [_thread_blocked, id=6352, stack(0x0000000016d60000,0x0000000016e60000)]
  0x0000000015deb000 JavaThread "Service Thread" daemon [_thread_blocked, id=5660, stack(0x0000000016280000,0x0000000016380000)]
=>0x0000000015d90800 JavaThread "C1 CompilerThread2" daemon [_thread_in_native, id=5076, stack(0x0000000016180000,0x0000000016280000)]
  0x000000001467d000 JavaThread "C2 CompilerThread1" daemon [_thread_in_native, id=2840, stack(0x0000000015c80000,0x0000000015d80000)]
  0x0000000014678800 JavaThread "C2 CompilerThread0" daemon [_thread_in_native, id=4264, stack(0x0000000015b80000,0x0000000015c80000)]
  0x0000000014676800 JavaThread "Attach Listener" daemon [_thread_blocked, id=10808, stack(0x0000000015a80000,0x0000000015b80000)]
  0x0000000014675800 JavaThread "Signal Dispatcher" daemon [_thread_blocked, id=11060, stack(0x0000000015980000,0x0000000015a80000)]
  0x0000000002975800 JavaThread "Finalizer" daemon [_thread_blocked, id=4016, stack(0x0000000015880000,0x0000000015980000)]
  0x000000000296d000 JavaThread "Reference Handler" daemon [_thread_blocked, id=11016, stack(0x0000000015780000,0x0000000015880000)]

Other Threads:
  0x00000000145f7000 VMThread [stack: 0x0000000015680000,0x0000000015780000] [id=5960]
  0x0000000015e06000 WatcherThread [stack: 0x0000000016380000,0x0000000016480000] [id=4916]

VM state:at safepoint (normal execution)

VM Mutex/Monitor currently owned by a thread:  ([mutex/lock_event])
[0x000000000277c040] Threads_lock - owner thread: 0x00000000145f7000
[0x000000000277be40] Heap_lock - owner thread: 0x0000000016069000

Heap:
 PSYoungGen      total 197120K, used 144384K [0x00000000f0780000, 0x00000000fff80000, 0x0000000100000000)
  eden space 144384K, 100% used [0x00000000f0780000,0x00000000f9480000,0x00000000f9480000)
  from space 52736K, 0% used [0x00000000f9480000,0x00000000f9480000,0x00000000fc800000)
  to   space 51200K, 0% used [0x00000000fcd80000,0x00000000fcd80000,0x00000000fff80000)
 ParOldGen       total 509440K, used 509172K [0x00000000d1600000, 0x00000000f0780000, 0x00000000f0780000)
  object space 509440K, 99% used [0x00000000d1600000,0x00000000f073d2e8,0x00000000f0780000)
 Metaspace       used 14795K, capacity 15052K, committed 15360K, reserved 1062912K
  class space    used 1844K, capacity 1939K, committed 2048K, reserved 1048576K

Card table byte_map: [0x0000000011d40000,0x0000000011ec0000] byte_map_base: 0x00000000116b5000

Marking Bits: (ParMarkBitMap*) 0x0000000065564040
 Begin Bits: [0x00000000123c0000, 0x0000000012f68000)
 End Bits:   [0x0000000012f68000, 0x0000000013b10000)

Polling page: 0x00000000026b0000

CodeCache: size=245760Kb used=7665Kb max_used=7665Kb free=238094Kb
 bounds [0x0000000002980000, 0x0000000003110000, 0x0000000011980000]
 total_blobs=2854 nmethods=2341 adapters=423
 compilation: enabled

Compilation events (10 events):
Event: 425.627 Thread 0x0000000015d90800 nmethod 2673 0x0000000002ecb610 code [0x0000000002ecb780, 0x0000000002ecb950]
Event: 425.629 Thread 0x0000000015d90800 2674       3       java.util.Calendar::getBaseStyle (5 bytes)
Event: 425.630 Thread 0x0000000015d90800 nmethod 2674 0x0000000002c041d0 code [0x0000000002c04320, 0x0000000002c04470]
Event: 425.633 Thread 0x0000000015d90800 2675       3       java.text.SimpleDateFormat::encode (95 bytes)
Event: 425.639 Thread 0x0000000015d90800 nmethod 2675 0x0000000002ec9390 code [0x0000000002ec9620, 0x0000000002ecaa98]
Event: 425.640 Thread 0x0000000015d90800 2676       3       java.util.Calendar::aggregateStamp (21 bytes)
Event: 425.640 Thread 0x0000000015d90800 nmethod 2676 0x0000000002ec8fd0 code [0x0000000002ec9120, 0x0000000002ec9330]
Event: 425.640 Thread 0x0000000015d90800 2677       1       java.util.Calendar::isLenient (5 bytes)
Event: 425.641 Thread 0x0000000015d90800 nmethod 2677 0x0000000002c14f10 code [0x0000000002c15060, 0x0000000002c15170]
Event: 425.641 Thread 0x0000000015d90800 2678       3       java.text.SimpleDateFormat::subFormat (1260 bytes)

GC Heap History (10 events):
Event: 201.500 GC heap before
{Heap before GC invocations=154 (full 21):
 PSYoungGen      total 197120K, used 144384K [0x00000000f0780000, 0x00000000fff80000, 0x0000000100000000)
  eden space 144384K, 100% used [0x00000000f0780000,0x00000000f9480000,0x00000000f9480000)
  from space 52736K, 0% used [0x00000000f9480000,0x00000000f9480000,0x00000000fc800000)
  to   space 51200K, 0% used [0x00000000fcd80000,0x00000000fcd80000,0x00000000fff80000)
 ParOldGen       total 509440K, used 509412K [0x00000000d1600000, 0x00000000f0780000, 0x00000000f0780000)
  object space 509440K, 99% used [0x00000000d1600000,0x00000000f07791c0,0x00000000f0780000)
 Metaspace       used 13353K, capacity 13554K, committed 13952K, reserved 1060864K
  class space    used 1747K, capacity 1810K, committed 1920K, reserved 1048576K
Event: 205.295 GC heap after
Heap after GC invocations=154 (full 21):
 PSYoungGen      total 197120K, used 39673K [0x00000000f0780000, 0x00000000fff80000, 0x0000000100000000)
  eden space 144384K, 27% used [0x00000000f0780000,0x00000000f2e3e790,0x00000000f9480000)
  from space 52736K, 0% used [0x00000000f9480000,0x00000000f9480000,0x00000000fc800000)
  to   space 51200K, 0% used [0x00000000fcd80000,0x00000000fcd80000,0x00000000fff80000)
 ParOldGen       total 509440K, used 509412K [0x00000000d1600000, 0x00000000f0780000, 0x00000000f0780000)
  object space 509440K, 99% used [0x00000000d1600000,0x00000000f07791c0,0x00000000f0780000)
 Metaspace       used 13353K, capacity 13554K, committed 13952K, reserved 1060864K
  class space    used 1747K, capacity 1810K, committed 1920K, reserved 1048576K
}
Event: 205.709 GC heap before
{Heap before GC invocations=155 (full 22):
 PSYoungGen      total 197120K, used 144384K [0x00000000f0780000, 0x00000000fff80000, 0x0000000100000000)
  eden space 144384K, 100% used [0x00000000f0780000,0x00000000f9480000,0x00000000f9480000)
  from space 52736K, 0% used [0x00000000f9480000,0x00000000f9480000,0x00000000fc800000)
  to   space 51200K, 0% used [0x00000000fcd80000,0x00000000fcd80000,0x00000000fff80000)
 ParOldGen       total 509440K, used 509412K [0x00000000d1600000, 0x00000000f0780000, 0x00000000f0780000)
  object space 509440K, 99% used [0x00000000d1600000,0x00000000f07791c0,0x00000000f0780000)
 Metaspace       used 13353K, capacity 13554K, committed 13952K, reserved 1060864K
  class space    used 1747K, capacity 1810K, committed 1920K, reserved 1048576K
Event: 209.544 GC heap after
Heap after GC invocations=155 (full 22):
 PSYoungGen      total 197120K, used 41971K [0x00000000f0780000, 0x00000000fff80000, 0x0000000100000000)
  eden space 144384K, 29% used [0x00000000f0780000,0x00000000f307cdf8,0x00000000f9480000)
  from space 52736K, 0% used [0x00000000f9480000,0x00000000f9480000,0x00000000fc800000)
  to   space 51200K, 0% used [0x00000000fcd80000,0x00000000fcd80000,0x00000000fff80000)
 ParOldGen       total 509440K, used 509412K [0x00000000d1600000, 0x00000000f0780000, 0x00000000f0780000)
  object space 509440K, 99% used [0x00000000d1600000,0x00000000f07791c0,0x00000000f0780000)
 Metaspace       used 13353K, capacity 13554K, committed 13952K, reserved 1060864K
  class space    used 1747K, capacity 1810K, committed 1920K, reserved 1048576K
}
Event: 210.027 GC heap before
{Heap before GC invocations=156 (full 23):
 PSYoungGen      total 197120K, used 144384K [0x00000000f0780000, 0x00000000fff80000, 0x0000000100000000)
  eden space 144384K, 100% used [0x00000000f0780000,0x00000000f9480000,0x00000000f9480000)
  from space 52736K, 0% used [0x00000000f9480000,0x00000000f9480000,0x00000000fc800000)
  to   space 51200K, 0% used [0x00000000fcd80000,0x00000000fcd80000,0x00000000fff80000)
 ParOldGen       total 509440K, used 509412K [0x00000000d1600000, 0x00000000f0780000, 0x00000000f0780000)
  object space 509440K, 99% used [0x00000000d1600000,0x00000000f07791c0,0x00000000f0780000)
 Metaspace       used 13353K, capacity 13554K, committed 13952K, reserved 1060864K
  class space    used 1747K, capacity 1810K, committed 1920K, reserved 1048576K
Event: 215.193 GC heap after
Heap after GC invocations=156 (full 23):
 PSYoungGen      total 197120K, used 44214K [0x00000000f0780000, 0x00000000fff80000, 0x0000000100000000)
  eden space 144384K, 30% used [0x00000000f0780000,0x00000000f32ad930,0x00000000f9480000)
  from space 52736K, 0% used [0x00000000f9480000,0x00000000f9480000,0x00000000fc800000)
  to   space 51200K, 0% used [0x00000000fcd80000,0x00000000fcd80000,0x00000000fff80000)
 ParOldGen       total 509440K, used 509186K [0x00000000d1600000, 0x00000000f0780000, 0x00000000f0780000)
  object space 509440K, 99% used [0x00000000d1600000,0x00000000f0740bf8,0x00000000f0780000)
 Metaspace       used 13342K, capacity 13536K, committed 13952K, reserved 1060864K
  class space    used 1744K, capacity 1803K, committed 1920K, reserved 1048576K
}
Event: 215.521 GC heap before
{Heap before GC invocations=157 (full 24):
 PSYoungGen      total 197120K, used 144384K [0x00000000f0780000, 0x00000000fff80000, 0x0000000100000000)
  eden space 144384K, 100% used [0x00000000f0780000,0x00000000f9480000,0x00000000f9480000)
  from space 52736K, 0% used [0x00000000f9480000,0x00000000f9480000,0x00000000fc800000)
  to   space 51200K, 0% used [0x00000000fcd80000,0x00000000fcd80000,0x00000000fff80000)
 ParOldGen       total 509440K, used 509186K [0x00000000d1600000, 0x00000000f0780000, 0x00000000f0780000)
  object space 509440K, 99% used [0x00000000d1600000,0x00000000f0740bf8,0x00000000f0780000)
 Metaspace       used 13342K, capacity 13536K, committed 13952K, reserved 1060864K
  class space    used 1744K, capacity 1803K, committed 1920K, reserved 1048576K
Event: 220.573 GC heap after
Heap after GC invocations=157 (full 24):
 PSYoungGen      total 197120K, used 46385K [0x00000000f0780000, 0x00000000fff80000, 0x0000000100000000)
  eden space 144384K, 32% used [0x00000000f0780000,0x00000000f34cc588,0x00000000f9480000)
  from space 52736K, 0% used [0x00000000f9480000,0x00000000f9480000,0x00000000fc800000)
  to   space 51200K, 0% used [0x00000000fcd80000,0x00000000fcd80000,0x00000000fff80000)
 ParOldGen       total 509440K, used 509184K [0x00000000d1600000, 0x00000000f0780000, 0x00000000f0780000)
  object space 509440K, 99% used [0x00000000d1600000,0x00000000f0740238,0x00000000f0780000)
 Metaspace       used 13342K, capacity 13536K, committed 13952K, reserved 1060864K
  class space    used 1744K, capacity 1803K, committed 1920K, reserved 1048576K
}
Event: 239.587 GC heap before
{Heap before GC invocations=158 (full 25):
 PSYoungGen      total 197120K, used 144384K [0x00000000f0780000, 0x00000000fff80000, 0x0000000100000000)
  eden space 144384K, 100% used [0x00000000f0780000,0x00000000f9480000,0x00000000f9480000)
  from space 52736K, 0% used [0x00000000f9480000,0x00000000f9480000,0x00000000fc800000)
  to   space 51200K, 0% used [0x00000000fcd80000,0x00000000fcd80000,0x00000000fff80000)
 ParOldGen       total 509440K, used 509184K [0x00000000d1600000, 0x00000000f0780000, 0x00000000f0780000)
  object space 509440K, 99% used [0x00000000d1600000,0x00000000f0740238,0x00000000f0780000)
 Metaspace       used 13396K, capacity 13536K, committed 13952K, reserved 1060864K
  class space    used 1747K, capacity 1803K, committed 1920K, reserved 1048576K
Event: 244.791 GC heap after
Heap after GC invocations=158 (full 25):
 PSYoungGen      total 197120K, used 48693K [0x00000000f0780000, 0x00000000fff80000, 0x0000000100000000)
  eden space 144384K, 33% used [0x00000000f0780000,0x00000000f370d4b0,0x00000000f9480000)
  from space 52736K, 0% used [0x00000000f9480000,0x00000000f9480000,0x00000000fc800000)
  to   space 51200K, 0% used [0x00000000fcd80000,0x00000000fcd80000,0x00000000fff80000)
 ParOldGen       total 509440K, used 509172K [0x00000000d1600000, 0x00000000f0780000, 0x00000000f0780000)
  object space 509440K, 99% used [0x00000000d1600000,0x00000000f073d2e8,0x00000000f0780000)
 Metaspace       used 13396K, capacity 13536K, committed 13952K, reserved 1060864K
  class space    used 1747K, capacity 1803K, committed 1920K, reserved 1048576K
}

Deoptimization events (10 events):
Event: 353.756 Thread 0x0000000016069000 Uncommon trap: reason=class_check action=maybe_recompile pc=0x0000000002e7f174 method=sun.awt.shell.Win32ShellFolder2.equals(Ljava/lang/Object;)Z @ 5
Event: 392.934 Thread 0x0000000016069000 Uncommon trap: reason=class_check action=maybe_recompile pc=0x0000000002eb42f4 method=java.util.AbstractCollection.toArray([Ljava/lang/Object;)[Ljava/lang/Object; @ 1
Event: 392.934 Thread 0x0000000016069000 Uncommon trap: reason=predicate action=maybe_recompile pc=0x0000000002fdfae0 method=java.util.TimSort.binarySort([Ljava/lang/Object;IIILjava/util/Comparator;)V @ 37
Event: 402.998 Thread 0x0000000016069000 Uncommon trap: reason=class_check action=maybe_recompile pc=0x0000000002eb42f4 method=java.util.AbstractCollection.toArray([Ljava/lang/Object;)[Ljava/lang/Object; @ 1
Event: 404.247 Thread 0x0000000016732000 Uncommon trap: reason=unstable_if action=reinterpret pc=0x0000000002b8a1c4 method=java.util.concurrent.FutureTask.run()V @ 4
Event: 422.080 Thread 0x0000000016069000 Uncommon trap: reason=class_check action=maybe_recompile pc=0x0000000002e7f174 method=sun.awt.shell.Win32ShellFolder2.equals(Ljava/lang/Object;)Z @ 5
Event: 422.576 Thread 0x0000000016069000 Uncommon trap: reason=unstable_if action=reinterpret pc=0x0000000003057ca0 method=java.util.Date.getTimeImpl()J @ 14
Event: 423.412 Thread 0x0000000016069000 Uncommon trap: reason=unstable_if action=reinterpret pc=0x0000000002e36380 method=java.util.TimSort.mergeLo(IIII)V @ 105
Event: 424.560 Thread 0x0000000016069000 Uncommon trap: reason=unstable_if action=reinterpret pc=0x0000000002e26e88 method=demo.main.ManagerTravelBusStation.findMinimumBus(Ljava/util/List;Ldemo/main/BusStation;)Ldemo/main/Result; @ 20
Event: 424.561 Thread 0x0000000016069000 Uncommon trap: reason=unstable_if action=reinterpret pc=0x0000000002eb7c48 method=demo.main.ManagerTravelBusStation.findMinimumBus(Ljava/util/List;Ldemo/main/BusStation;)Ldemo/main/Result; @ 20

Internal exceptions (10 events):
Event: 0.838 Thread 0x0000000002880800 Exception <a 'java/security/PrivilegedActionException'> (0x00000000f08c76b8) thrown at [D:\re\workspace\8-2-build-windows-amd64-cygwin\jdk8u40\2855\hotspot\src\share\vm\prims\jvm.cpp, line 1382]
Event: 0.856 Thread 0x0000000002880800 Exception <a 'java/io/FileNotFoundException'> (0x00000000f08c9c08) thrown at [D:\re\workspace\8-2-build-windows-amd64-cygwin\jdk8u40\2855\hotspot\src\share\vm\prims\jni.cpp, line 709]
Event: 1.181 Thread 0x0000000002880800 Exception <a 'java/lang/NoSuchFieldError': method resolution failed> (0x00000000f09ae0e0) thrown at [D:\re\workspace\8-2-build-windows-amd64-cygwin\jdk8u40\2855\hotspot\src\share\vm\prims\methodHandles.cpp, line 1125]
Event: 1.227 Thread 0x0000000002880800 Exception <a 'java/lang/NoSuchFieldError': method resolution failed> (0x00000000f09bcb40) thrown at [D:\re\workspace\8-2-build-windows-amd64-cygwin\jdk8u40\2855\hotspot\src\share\vm\prims\methodHandles.cpp, line 1125]
Event: 1.372 Thread 0x0000000016069000 Exception <a 'java/io/FileNotFoundException'> (0x00000000f0ab55e0) thrown at [D:\re\workspace\8-2-build-windows-amd64-cygwin\jdk8u40\2855\hotspot\src\share\vm\prims\jni.cpp, line 709]
Event: 302.698 Thread 0x0000000016069000 Exception <a 'java/lang/ArrayIndexOutOfBoundsException': -3> (0x00000000f4a41070) thrown at [D:\re\workspace\8-2-build-windows-amd64-cygwin\jdk8u40\2855\hotspot\src\share\vm\interpreter\interpreterRuntime.cpp, line 366]
Event: 302.698 Thread 0x0000000016069000 Exception <a 'java/lang/ArrayIndexOutOfBoundsException'> (0x00000000f4a41070) thrown at [D:\re\workspace\8-2-build-windows-amd64-cygwin\jdk8u40\2855\hotspot\src\share\vm\prims\jvm.cpp, line 1386]
Event: 302.698 Thread 0x0000000016069000 Exception <a 'java/lang/ArrayIndexOutOfBoundsException'> (0x00000000f4a41070) thrown at [D:\re\workspace\8-2-build-windows-amd64-cygwin\jdk8u40\2855\hotspot\src\share\vm\prims\jvm.cpp, line 1386]
Event: 354.380 Thread 0x0000000016069000 Exception <a 'java/lang/ArrayIndexOutOfBoundsException'> (0x00000000f4b90ce8) thrown at [D:\re\workspace\8-2-build-windows-amd64-cygwin\jdk8u40\2855\hotspot\src\share\vm\prims\jvm.cpp, line 1386]
Event: 354.380 Thread 0x0000000016069000 Exception <a 'java/lang/ArrayIndexOutOfBoundsException'> (0x00000000f4b90ce8) thrown at [D:\re\workspace\8-2-build-windows-amd64-cygwin\jdk8u40\2855\hotspot\src\share\vm\prims\jvm.cpp, line 1386]

Events (10 events):
Event: 423.431 Thread 0x0000000016069000 DEOPT PACKING pc=0x000000000304c8ac sp=0x00000000173cd150
Event: 423.431 Thread 0x0000000016069000 DEOPT UNPACKING pc=0x00000000029c787f sp=0x00000000173ccf08 mode 0
Event: 424.312 Thread 0x0000000016069000 DEOPT PACKING pc=0x0000000002ee1b93 sp=0x00000000173cd1f0
Event: 424.312 Thread 0x0000000016069000 DEOPT UNPACKING pc=0x00000000029c787f sp=0x00000000173ccf28 mode 0
Event: 424.560 Thread 0x0000000016069000 Uncommon trap: trap_request=0xffffff65 fr.pc=0x0000000002e26e88
Event: 424.560 Thread 0x0000000016069000 DEOPT PACKING pc=0x0000000002e26e88 sp=0x00000000173cd200
Event: 424.560 Thread 0x0000000016069000 DEOPT UNPACKING pc=0x00000000029c582a sp=0x00000000173cd1c0 mode 2
Event: 424.561 Thread 0x0000000016069000 Uncommon trap: trap_request=0xffffff65 fr.pc=0x0000000002eb7c48
Event: 424.561 Thread 0x0000000016069000 DEOPT PACKING pc=0x0000000002eb7c48 sp=0x00000000173cd1e0
Event: 424.561 Thread 0x0000000016069000 DEOPT UNPACKING pc=0x00000000029c582a sp=0x00000000173cd1c0 mode 2


Dynamic libraries:
0x00007ff642ef0000 - 0x00007ff642f27000 	C:\Program Files\Java\jre1.8.0_40\bin\javaw.exe
0x00007ffa4f050000 - 0x00007ffa4f20d000 	C:\WINDOWS\SYSTEM32\ntdll.dll
0x00007ffa4ebb0000 - 0x00007ffa4ec5f000 	C:\WINDOWS\system32\KERNEL32.DLL
0x00007ffa4bcd0000 - 0x00007ffa4bea6000 	C:\WINDOWS\system32\KERNELBASE.dll
0x00007ffa4eca0000 - 0x00007ffa4ed46000 	C:\WINDOWS\system32\ADVAPI32.dll
0x00007ffa4efb0000 - 0x00007ffa4f04d000 	C:\WINDOWS\system32\msvcrt.dll
0x00007ffa4e060000 - 0x00007ffa4e0ba000 	C:\WINDOWS\system32\sechost.dll
0x00007ffa4e670000 - 0x00007ffa4e796000 	C:\WINDOWS\system32\RPCRT4.dll
0x00007ffa4ed70000 - 0x00007ffa4eedc000 	C:\WINDOWS\system32\USER32.dll
0x00007ffa4e120000 - 0x00007ffa4e2a1000 	C:\WINDOWS\system32\GDI32.dll
0x00007ffa469b0000 - 0x00007ffa46c1e000 	C:\WINDOWS\WinSxS\amd64_microsoft.windows.common-controls_6595b64144ccf1df_6.0.10074.4_none_82935f385fa05ec2\COMCTL32.dll
0x00007ffa4ec60000 - 0x00007ffa4ec95000 	C:\WINDOWS\system32\IMM32.DLL
0x00007ffa4ddd0000 - 0x00007ffa4df2c000 	C:\WINDOWS\system32\MSCTF.dll
0x0000000064ba0000 - 0x0000000064c72000 	C:\Program Files\Java\jre1.8.0_40\bin\msvcr100.dll
0x0000000064d60000 - 0x00000000655e3000 	C:\Program Files\Java\jre1.8.0_40\bin\server\jvm.dll
0x00007ffa4e040000 - 0x00007ffa4e047000 	C:\WINDOWS\system32\PSAPI.DLL
0x00007ffa4a320000 - 0x00007ffa4a329000 	C:\WINDOWS\SYSTEM32\WSOCK32.dll
0x00007ffa4e0c0000 - 0x00007ffa4e11b000 	C:\WINDOWS\system32\WS2_32.dll
0x00007ffa4e050000 - 0x00007ffa4e058000 	C:\WINDOWS\system32\NSI.dll
0x00007ffa46c80000 - 0x00007ffa46ca2000 	C:\WINDOWS\SYSTEM32\WINMM.dll
0x00007ffa45b30000 - 0x00007ffa45b3a000 	C:\WINDOWS\SYSTEM32\VERSION.dll
0x00007ffa46c50000 - 0x00007ffa46c7b000 	C:\WINDOWS\SYSTEM32\WINMMBASE.dll
0x00007ffa4c5b0000 - 0x00007ffa4c5f4000 	C:\WINDOWS\system32\cfgmgr32.dll
0x00007ffa4a4c0000 - 0x00007ffa4a4e6000 	C:\WINDOWS\SYSTEM32\DEVOBJ.dll
0x0000000064d50000 - 0x0000000064d5f000 	C:\Program Files\Java\jre1.8.0_40\bin\verify.dll
0x0000000064d20000 - 0x0000000064d49000 	C:\Program Files\Java\jre1.8.0_40\bin\java.dll
0x0000000064d00000 - 0x0000000064d16000 	C:\Program Files\Java\jre1.8.0_40\bin\zip.dll
0x00007ffa4c9b0000 - 0x00007ffa4ddbd000 	C:\WINDOWS\system32\SHELL32.dll
0x00007ffa4beb0000 - 0x00007ffa4c484000 	C:\WINDOWS\system32\windows.storage.dll
0x00007ffa4e950000 - 0x00007ffa4eba6000 	C:\WINDOWS\system32\combase.dll
0x00007ffa4e620000 - 0x00007ffa4e670000 	C:\WINDOWS\system32\shlwapi.dll
0x00007ffa4bc70000 - 0x00007ffa4bc7e000 	C:\WINDOWS\system32\kernel.appcore.dll
0x00007ffa4c490000 - 0x00007ffa4c53c000 	C:\WINDOWS\system32\shcore.dll
0x00007ffa4bc80000 - 0x00007ffa4bcc8000 	C:\WINDOWS\system32\powrprof.dll
0x00007ffa4bc30000 - 0x00007ffa4bc44000 	C:\WINDOWS\system32\profapi.dll
0x0000000063550000 - 0x00000000636e8000 	C:\Program Files\Java\jre1.8.0_40\bin\awt.dll
0x00007ffa4c8f0000 - 0x00007ffa4c9ae000 	C:\WINDOWS\system32\OLEAUT32.dll
0x00007ffa4a350000 - 0x00007ffa4a3c8000 	C:\WINDOWS\system32\apphelp.dll
0x00007ffa4a4f0000 - 0x00007ffa4a57f000 	C:\WINDOWS\system32\uxtheme.dll
0x00007ffa4a2e0000 - 0x00007ffa4a305000 	C:\WINDOWS\SYSTEM32\edputil.dll
0x00007ffa49e30000 - 0x00007ffa4a17e000 	C:\WINDOWS\SYSTEM32\iertutil.dll
0x00007ffa4a180000 - 0x00007ffa4a2a5000 	C:\WINDOWS\SYSTEM32\wintypes.dll
0x00007ffa4b4b0000 - 0x00007ffa4b4c6000 	C:\WINDOWS\SYSTEM32\CRYPTSP.dll
0x00007ffa4bb60000 - 0x00007ffa4bb88000 	C:\WINDOWS\SYSTEM32\bcrypt.dll
0x00007ffa49250000 - 0x00007ffa49270000 	C:\WINDOWS\system32\dwmapi.dll
0x00007ffa4a5a0000 - 0x00007ffa4a669000 	C:\WINDOWS\system32\dcomp.dll
0x00007ffa4e4e0000 - 0x00007ffa4e61b000 	C:\WINDOWS\system32\ole32.dll
0x00007ffa4ba50000 - 0x00007ffa4bab8000 	C:\WINDOWS\SYSTEM32\bcryptPrimitives.dll
0x0000000063500000 - 0x0000000063547000 	C:\Program Files\Java\jre1.8.0_40\bin\fontmanager.dll
0x00007ffa4df90000 - 0x00007ffa4e034000 	C:\WINDOWS\system32\clbcatq.dll
0x00007ffa48f50000 - 0x00007ffa490ff000 	C:\WINDOWS\SYSTEM32\WindowsCodecs.dll
0x00007ffa4b110000 - 0x00007ffa4b143000 	C:\WINDOWS\system32\rsaenh.dll
0x00007ffa4b620000 - 0x00007ffa4b62a000 	C:\WINDOWS\SYSTEM32\CRYPTBASE.dll
0x00007ffa3a5d0000 - 0x00007ffa3a603000 	C:\WINDOWS\system32\dataexchange.dll
0x00007ffa44ba0000 - 0x00007ffa45089000 	C:\WINDOWS\system32\d2d1.dll
0x00007ffa44210000 - 0x00007ffa44482000 	C:\WINDOWS\system32\d3d11.dll
0x00007ffa44170000 - 0x00007ffa44207000 	C:\WINDOWS\system32\dxgi.dll
0x00007ffa4a670000 - 0x00007ffa4a745000 	C:\WINDOWS\system32\twinapi.appcore.dll
0x00007ffa4b2f0000 - 0x00007ffa4b30e000 	C:\WINDOWS\system32\USERENV.dll
0x0000000064ce0000 - 0x0000000064cfa000 	C:\Program Files\Java\jre1.8.0_40\bin\net.dll
0x00007ffa4b450000 - 0x00007ffa4b4a8000 	C:\WINDOWS\system32\mswsock.dll
0x0000000064cc0000 - 0x0000000064cd1000 	C:\Program Files\Java\jre1.8.0_40\bin\nio.dll
0x00000000634b0000 - 0x00000000634f1000 	C:\Program Files\Java\jre1.8.0_40\bin\t2k.dll
0x0000000180000000 - 0x0000000180054000 	C:\Program Files\UniKey\UKHook40.dll
0x00007ffa2c680000 - 0x00007ffa2c72a000 	C:\WINDOWS\WinSxS\amd64_microsoft.windows.common-controls_6595b64144ccf1df_5.82.10074.0_none_3a21e2bb56334ae1\comctl32.dll
0x00007ffa47330000 - 0x00007ffa474ac000 	C:\WINDOWS\SYSTEM32\PROPSYS.dll
0x00007ffa37d40000 - 0x00007ffa37ee2000 	C:\WINDOWS\system32\NetworkExplorer.dll
0x00007ffa3cc30000 - 0x00007ffa3cc56000 	C:\WINDOWS\System32\IDStore.dll
0x00007ffa46c30000 - 0x00007ffa46c4c000 	C:\WINDOWS\System32\SAMLIB.dll
0x00007ffa38e60000 - 0x00007ffa38edf000 	C:\WINDOWS\System32\wlidprov.dll
0x00007ffa4aeb0000 - 0x00007ffa4aecb000 	C:\WINDOWS\SYSTEM32\MPR.dll
0x00007ffa45130000 - 0x00007ffa4513b000 	C:\WINDOWS\System32\drprov.dll
0x00007ffa4b9f0000 - 0x00007ffa4ba48000 	C:\WINDOWS\System32\WINSTA.dll
0x00007ffa3f5f0000 - 0x00007ffa3f606000 	C:\WINDOWS\System32\ntlanman.dll
0x00007ffa42cd0000 - 0x00007ffa42cef000 	C:\WINDOWS\System32\davclnt.dll
0x00007ffa3cc60000 - 0x00007ffa3cc6c000 	C:\WINDOWS\System32\DAVHLPR.dll
0x00007ffa48bb0000 - 0x00007ffa48bc6000 	C:\WINDOWS\System32\wkscli.dll
0x00007ffa40800000 - 0x00007ffa40812000 	C:\WINDOWS\SYSTEM32\cscapi.dll
0x00007ffa4b0c0000 - 0x00007ffa4b0cc000 	C:\WINDOWS\System32\netutils.dll
0x00007ffa35820000 - 0x00007ffa3589e000 	C:\Windows\System32\dlnashext.dll
0x00007ffa3dd30000 - 0x00007ffa3dd9f000 	C:\Windows\System32\PlayToDevice.dll
0x00007ffa3df10000 - 0x00007ffa3df2e000 	C:\Windows\System32\DevDispItemProvider.dll
0x00007ffa46e20000 - 0x00007ffa46e8f000 	C:\WINDOWS\System32\MMDevApi.dll
0x00007ffa27f80000 - 0x00007ffa28183000 	C:\WINDOWS\system32\wpdshext.dll
0x00007ffa46740000 - 0x00007ffa468e8000 	C:\WINDOWS\WinSxS\amd64_microsoft.windows.gdiplus_6595b64144ccf1df_1.1.10074.0_none_025ac6be7338864e\gdiplus.dll
0x00007ffa3ba10000 - 0x00007ffa3be51000 	C:\Windows\System32\ActXPrxy.dll
0x00007ffa48ab0000 - 0x00007ffa48b4f000 	C:\Windows\System32\PortableDeviceApi.dll
0x00007ffa4e2b0000 - 0x00007ffa4e475000 	C:\WINDOWS\system32\SETUPAPI.dll
0x00007ffa4c540000 - 0x00007ffa4c5a7000 	C:\WINDOWS\system32\WINTRUST.dll
0x00007ffa4bc50000 - 0x00007ffa4bc61000 	C:\WINDOWS\system32\MSASN1.dll
0x00007ffa4c6b0000 - 0x00007ffa4c889000 	C:\WINDOWS\system32\CRYPT32.dll
0x00007ffa36c20000 - 0x00007ffa36c57000 	C:\Windows\System32\EhStorShell.dll
0x00007ffa3dd00000 - 0x00007ffa3dd26000 	C:\Windows\System32\EhStorAPI.dll
0x00007ffa48df0000 - 0x00007ffa48e02000 	C:\Windows\System32\WTSAPI32.dll
0x00007ffa39340000 - 0x00007ffa3934d000 	C:\WINDOWS\SYSTEM32\LINKINFO.dll
0x00007ffa49680000 - 0x00007ffa496a4000 	C:\WINDOWS\SYSTEM32\policymanager.dll
0x00007ffa30840000 - 0x00007ffa309c3000 	C:\WINDOWS\SYSTEM32\dbghelp.dll

VM Arguments:
jvm_args: -Dfile.encoding=Cp1258 
java_command: demo.gui.MainGui
java_class_path (initial): D:\LuanVanTotNghiep\Demo\AppDemo\bin;D:\LuanVanTotNghiep\Demo\AppDemo\lib\charts4j-1.3.jar;D:\LuanVanTotNghiep\Demo\AppDemo\lib\junit-4.4.jar
Launcher Type: SUN_STANDARD

Environment Variables:
PATH=C:/Program Files/Java/jre1.8.0_40/bin/server;C:/Program Files/Java/jre1.8.0_40/bin;C:/Program Files/Java/jre1.8.0_40/lib/amd64;C:\Program Files (x86)\PC Connectivity Solution\;C:\ProgramData\Oracle\Java\javapath;C:\WINDOWS\system32;C:\WINDOWS;C:\WINDOWS\System32\Wbem;C:\WINDOWS\System32\WindowsPowerShell\v1.0\;C:\Program Files (x86)\MiKTeX 2.9\miktex\bin\;D:\Phan Mem Lap Trinh\eclipse;
USERNAME=linhn
OS=Windows_NT
PROCESSOR_IDENTIFIER=Intel64 Family 6 Model 42 Stepping 7, GenuineIntel



---------------  S Y S T E M  ---------------

OS: Windows 10.0 , 64 bit Build 10074 (10.0.10074.0)

CPU:total 4 (2 cores per cpu, 2 threads per core) family 6 model 42 stepping 7, cmov, cx8, fxsr, mmx, sse, sse2, sse3, ssse3, sse4.1, sse4.2, popcnt, avx, clmul, ht, tsc, tscinvbit

Memory: 4k page, physical 3051692k(171240k free), swap 6197420k(21372k free)

vm_info: Java HotSpot(TM) 64-Bit Server VM (25.40-b25) for windows-amd64 JRE (1.8.0_40-b25), built on Feb 10 2015 21:53:57 by "java_re" with MS VC++ 10.0 (VS2010)

time: Sat Jun 06 01:59:09 2015
elapsed time: 432 seconds (0d 0h 7m 12s)

